Reusing /home/vlakshmanan/data/flights/flights-00000-of-00012.csv
Reusing /home/vlakshmanan/data/flights/flights-00001-of-00012.csv
Reusing /home/vlakshmanan/data/flights/flights-00002-of-00012.csv
Reusing /home/vlakshmanan/data/flights/flights-00003-of-00012.csv
Reusing /home/vlakshmanan/data/flights/flights-00004-of-00012.csv
Reusing /home/vlakshmanan/data/flights/flights-00005-of-00012.csv
Reusing /home/vlakshmanan/data/flights/flights-00006-of-00012.csv
Reusing /home/vlakshmanan/data/flights/flights-00007-of-00012.csv
Reusing /home/vlakshmanan/data/flights/flights-00008-of-00012.csv
Reusing /home/vlakshmanan/data/flights/flights-00009-of-00012.csv
Reusing /home/vlakshmanan/data/flights/flights-00010-of-00012.csv
Reusing /home/vlakshmanan/data/flights/flights-00011-of-00012.csv
Training dataset has 4006833 patterns in 12 files
batchno=10/4006 (400=epoch) cost=0.516674935818
batchno=20/4006 (400=epoch) cost=0.45423656702
batchno=30/4006 (400=epoch) cost=0.468934476376
batchno=40/4006 (400=epoch) cost=0.481605172157
batchno=50/4006 (400=epoch) cost=0.523819983006
batchno=60/4006 (400=epoch) cost=0.635361850262
batchno=70/4006 (400=epoch) cost=0.536040842533
batchno=80/4006 (400=epoch) cost=0.504571020603
batchno=90/4006 (400=epoch) cost=0.487769812346
batchno=100/4006 (400=epoch) cost=0.541746973991
batchno=110/4006 (400=epoch) cost=0.511678159237
batchno=120/4006 (400=epoch) cost=0.478099226952
batchno=130/4006 (400=epoch) cost=0.468417197466
batchno=140/4006 (400=epoch) cost=0.446855813265
batchno=150/4006 (400=epoch) cost=0.6092466712
batchno=160/4006 (400=epoch) cost=0.537404000759
batchno=170/4006 (400=epoch) cost=0.464308798313
batchno=180/4006 (400=epoch) cost=0.452425092459
batchno=190/4006 (400=epoch) cost=0.489303261042
batchno=200/4006 (400=epoch) cost=0.666390061378
batchno=210/4006 (400=epoch) cost=0.513093531132
batchno=220/4006 (400=epoch) cost=0.522683858871
batchno=230/4006 (400=epoch) cost=0.546685993671
batchno=240/4006 (400=epoch) cost=0.535742402077
batchno=250/4006 (400=epoch) cost=0.593005776405
batchno=260/4006 (400=epoch) cost=0.594871401787
batchno=270/4006 (400=epoch) cost=0.448355168104
batchno=280/4006 (400=epoch) cost=0.499833732843
batchno=290/4006 (400=epoch) cost=0.418073534966
batchno=300/4006 (400=epoch) cost=0.476708799601
batchno=310/4006 (400=epoch) cost=0.474227488041
batchno=320/4006 (400=epoch) cost=0.55328887701
batchno=330/4006 (400=epoch) cost=0.41993612051
batchno=340/4006 (400=epoch) cost=0.673200964928
batchno=350/4006 (400=epoch) cost=0.485524326563
batchno=360/4006 (400=epoch) cost=0.436715185642
batchno=370/4006 (400=epoch) cost=0.413935214281
batchno=380/4006 (400=epoch) cost=0.430686920881
batchno=390/4006 (400=epoch) cost=0.42352861166
batchno=400/4006 (400=epoch) cost=0.491701364517
batchno=410/4006 (400=epoch) cost=0.545723795891
batchno=420/4006 (400=epoch) cost=0.558043777943
batchno=430/4006 (400=epoch) cost=0.539547204971
batchno=440/4006 (400=epoch) cost=0.480379402637
batchno=450/4006 (400=epoch) cost=0.498664587736
batchno=460/4006 (400=epoch) cost=0.547381520271
batchno=470/4006 (400=epoch) cost=0.440349906683
batchno=480/4006 (400=epoch) cost=0.527165412903
batchno=490/4006 (400=epoch) cost=0.579991996288
batchno=500/4006 (400=epoch) cost=0.653371214867
batchno=510/4006 (400=epoch) cost=0.598263084888
batchno=520/4006 (400=epoch) cost=0.473850160837
batchno=530/4006 (400=epoch) cost=0.49171513319
batchno=540/4006 (400=epoch) cost=0.48310855031
batchno=550/4006 (400=epoch) cost=0.494063913822
batchno=560/4006 (400=epoch) cost=0.477815151215
batchno=570/4006 (400=epoch) cost=0.552730858326
batchno=580/4006 (400=epoch) cost=0.535544097424
batchno=590/4006 (400=epoch) cost=0.476328611374
batchno=600/4006 (400=epoch) cost=0.490778714418
batchno=610/4006 (400=epoch) cost=0.548856496811
batchno=620/4006 (400=epoch) cost=0.560397922993
batchno=630/4006 (400=epoch) cost=0.49880194664
batchno=640/4006 (400=epoch) cost=0.430568248034
batchno=650/4006 (400=epoch) cost=0.436094224453
batchno=660/4006 (400=epoch) cost=0.525012910366
batchno=670/4006 (400=epoch) cost=0.438147455454
batchno=680/4006 (400=epoch) cost=0.436982065439
batchno=690/4006 (400=epoch) cost=0.433656990528
batchno=700/4006 (400=epoch) cost=0.398369729519
batchno=710/4006 (400=epoch) cost=0.461946576834
batchno=720/4006 (400=epoch) cost=0.407533556223
batchno=730/4006 (400=epoch) cost=0.430382907391
batchno=740/4006 (400=epoch) cost=0.473860740662
batchno=750/4006 (400=epoch) cost=0.386304467916
batchno=760/4006 (400=epoch) cost=0.411587268114
batchno=770/4006 (400=epoch) cost=0.42335370183
batchno=780/4006 (400=epoch) cost=0.485942870378
batchno=790/4006 (400=epoch) cost=0.539959788322
batchno=800/4006 (400=epoch) cost=0.45430997014
batchno=810/4006 (400=epoch) cost=0.454816073179
batchno=820/4006 (400=epoch) cost=0.389034509659
batchno=830/4006 (400=epoch) cost=0.411367177963
batchno=840/4006 (400=epoch) cost=0.504050076008
batchno=850/4006 (400=epoch) cost=0.43844756484
batchno=860/4006 (400=epoch) cost=0.50065279007
batchno=870/4006 (400=epoch) cost=0.400240331888
batchno=880/4006 (400=epoch) cost=0.413957118988
batchno=890/4006 (400=epoch) cost=0.407581090927
batchno=900/4006 (400=epoch) cost=0.464727282524
batchno=910/4006 (400=epoch) cost=0.443822562695
batchno=920/4006 (400=epoch) cost=0.48530292511
batchno=930/4006 (400=epoch) cost=0.424810290337
batchno=940/4006 (400=epoch) cost=0.456756532192
batchno=950/4006 (400=epoch) cost=0.436318159103
batchno=960/4006 (400=epoch) cost=0.49451738596
batchno=970/4006 (400=epoch) cost=0.480608105659
batchno=980/4006 (400=epoch) cost=0.432552844286
batchno=990/4006 (400=epoch) cost=0.5043836236
batchno=1000/4006 (400=epoch) cost=0.547372341156
batchno=1010/4006 (400=epoch) cost=0.430776804686
batchno=1020/4006 (400=epoch) cost=0.428934127092
batchno=1030/4006 (400=epoch) cost=0.444693267345
batchno=1040/4006 (400=epoch) cost=0.414888381958
batchno=1050/4006 (400=epoch) cost=0.478394329548
batchno=1060/4006 (400=epoch) cost=0.433833777905
batchno=1070/4006 (400=epoch) cost=0.467251479626
batchno=1080/4006 (400=epoch) cost=0.404315590858
batchno=1090/4006 (400=epoch) cost=0.449771493673
batchno=1100/4006 (400=epoch) cost=0.408326327801
batchno=1110/4006 (400=epoch) cost=0.490709096193
batchno=1120/4006 (400=epoch) cost=0.538618564606
batchno=1130/4006 (400=epoch) cost=0.47983661294
batchno=1140/4006 (400=epoch) cost=0.530020415783
batchno=1150/4006 (400=epoch) cost=0.412360548973
batchno=1160/4006 (400=epoch) cost=0.419708937407
batchno=1170/4006 (400=epoch) cost=0.49491211772
batchno=1180/4006 (400=epoch) cost=0.414808094501
batchno=1190/4006 (400=epoch) cost=0.464407712221
batchno=1200/4006 (400=epoch) cost=0.431434482336
batchno=1210/4006 (400=epoch) cost=0.507108807564
batchno=1220/4006 (400=epoch) cost=0.458959430456
batchno=1230/4006 (400=epoch) cost=0.431461513042
batchno=1240/4006 (400=epoch) cost=0.497871488333
batchno=1250/4006 (400=epoch) cost=0.438381165266
batchno=1260/4006 (400=epoch) cost=0.435245752335
batchno=1270/4006 (400=epoch) cost=0.407470583916
batchno=1280/4006 (400=epoch) cost=0.472783654928
batchno=1290/4006 (400=epoch) cost=0.468268841505
batchno=1300/4006 (400=epoch) cost=0.490121155977
batchno=1310/4006 (400=epoch) cost=0.395456969738
batchno=1320/4006 (400=epoch) cost=0.433867633343
batchno=1330/4006 (400=epoch) cost=0.41124600172
batchno=1340/4006 (400=epoch) cost=0.40065318346
batchno=1350/4006 (400=epoch) cost=0.452229887247
batchno=1360/4006 (400=epoch) cost=0.403240859509
batchno=1370/4006 (400=epoch) cost=0.440685749054
batchno=1380/4006 (400=epoch) cost=0.484763771296
batchno=1390/4006 (400=epoch) cost=0.488493651152
batchno=1400/4006 (400=epoch) cost=0.413201957941
batchno=1410/4006 (400=epoch) cost=0.428095787764
batchno=1420/4006 (400=epoch) cost=0.409257262945
batchno=1430/4006 (400=epoch) cost=0.45025742054
batchno=1440/4006 (400=epoch) cost=0.437754780054
batchno=1450/4006 (400=epoch) cost=0.381327748299
batchno=1460/4006 (400=epoch) cost=0.419002532959
batchno=1470/4006 (400=epoch) cost=0.41405081749
batchno=1480/4006 (400=epoch) cost=0.430604338646
batchno=1490/4006 (400=epoch) cost=0.47277662158
batchno=1500/4006 (400=epoch) cost=0.471423149109
batchno=1510/4006 (400=epoch) cost=0.414509773254
batchno=1520/4006 (400=epoch) cost=0.483685463667
batchno=1530/4006 (400=epoch) cost=0.525270998478
batchno=1540/4006 (400=epoch) cost=0.401190012693
batchno=1550/4006 (400=epoch) cost=0.423380285501
batchno=1560/4006 (400=epoch) cost=0.514402031898
batchno=1570/4006 (400=epoch) cost=0.455762982368
batchno=1580/4006 (400=epoch) cost=0.493589758873
batchno=1590/4006 (400=epoch) cost=0.413340628147
batchno=1600/4006 (400=epoch) cost=0.422217339277
batchno=1610/4006 (400=epoch) cost=0.401969105005
batchno=1620/4006 (400=epoch) cost=0.40656915307
batchno=1630/4006 (400=epoch) cost=0.400800675154
batchno=1640/4006 (400=epoch) cost=0.469724804163
batchno=1650/4006 (400=epoch) cost=0.501179814339
batchno=1660/4006 (400=epoch) cost=0.434129089117
batchno=1670/4006 (400=epoch) cost=0.430875867605
batchno=1680/4006 (400=epoch) cost=0.429126113653
batchno=1690/4006 (400=epoch) cost=0.438758581877
batchno=1700/4006 (400=epoch) cost=0.429518163204
batchno=1710/4006 (400=epoch) cost=0.459094375372
batchno=1720/4006 (400=epoch) cost=0.436678111553
batchno=1730/4006 (400=epoch) cost=0.40089404583
batchno=1740/4006 (400=epoch) cost=0.493681430817
batchno=1750/4006 (400=epoch) cost=0.449788957834
batchno=1760/4006 (400=epoch) cost=0.48763602972
batchno=1770/4006 (400=epoch) cost=0.500593066216
batchno=1780/4006 (400=epoch) cost=0.399021238089
batchno=1790/4006 (400=epoch) cost=0.405347406864
batchno=1800/4006 (400=epoch) cost=0.414788365364
batchno=1810/4006 (400=epoch) cost=0.393700242043
batchno=1820/4006 (400=epoch) cost=0.454219728708
batchno=1830/4006 (400=epoch) cost=0.515031278133
batchno=1840/4006 (400=epoch) cost=0.400466024876
batchno=1850/4006 (400=epoch) cost=0.408940792084
batchno=1860/4006 (400=epoch) cost=0.43888348341
batchno=1870/4006 (400=epoch) cost=0.453243643045
batchno=1880/4006 (400=epoch) cost=0.478819727898
batchno=1890/4006 (400=epoch) cost=0.50502127409
batchno=1900/4006 (400=epoch) cost=0.449110686779
batchno=1910/4006 (400=epoch) cost=0.449047744274
batchno=1920/4006 (400=epoch) cost=0.434868127108
batchno=1930/4006 (400=epoch) cost=0.41408970952
batchno=1940/4006 (400=epoch) cost=0.426018893719
batchno=1950/4006 (400=epoch) cost=0.374511748552
batchno=1960/4006 (400=epoch) cost=0.415853649378
batchno=1970/4006 (400=epoch) cost=0.407598942518
batchno=1980/4006 (400=epoch) cost=0.499815821648
batchno=1990/4006 (400=epoch) cost=0.423527538776
batchno=2000/4006 (400=epoch) cost=0.40875017643
batchno=2010/4006 (400=epoch) cost=0.461923390627
batchno=2020/4006 (400=epoch) cost=0.47370916605
batchno=2030/4006 (400=epoch) cost=0.451129674911
batchno=2040/4006 (400=epoch) cost=0.383145898581
batchno=2050/4006 (400=epoch) cost=0.367035835981
batchno=2060/4006 (400=epoch) cost=0.408885776997
batchno=2070/4006 (400=epoch) cost=0.42420488596
batchno=2080/4006 (400=epoch) cost=0.427831739187
batchno=2090/4006 (400=epoch) cost=0.456224232912
batchno=2100/4006 (400=epoch) cost=0.450237631798
batchno=2110/4006 (400=epoch) cost=0.407837122679
batchno=2120/4006 (400=epoch) cost=0.476946085691
batchno=2130/4006 (400=epoch) cost=0.519763588905
batchno=2140/4006 (400=epoch) cost=0.446939736605
batchno=2150/4006 (400=epoch) cost=0.379073888063
batchno=2160/4006 (400=epoch) cost=0.397130072117
batchno=2170/4006 (400=epoch) cost=0.401441782713
batchno=2180/4006 (400=epoch) cost=0.352959722281
batchno=2190/4006 (400=epoch) cost=0.430132359266
batchno=2200/4006 (400=epoch) cost=0.398853480816
batchno=2210/4006 (400=epoch) cost=0.427220910788
batchno=2220/4006 (400=epoch) cost=0.445626616478
batchno=2230/4006 (400=epoch) cost=0.399048745632
batchno=2240/4006 (400=epoch) cost=0.419110834599
batchno=2250/4006 (400=epoch) cost=0.41326123476
batchno=2260/4006 (400=epoch) cost=0.461645007133
batchno=2270/4006 (400=epoch) cost=0.478768885136
batchno=2280/4006 (400=epoch) cost=0.401593834162
batchno=2290/4006 (400=epoch) cost=0.452450335026
batchno=2300/4006 (400=epoch) cost=0.415027827024
batchno=2310/4006 (400=epoch) cost=0.395498126745
batchno=2320/4006 (400=epoch) cost=0.432130455971
batchno=2330/4006 (400=epoch) cost=0.444017201662
batchno=2340/4006 (400=epoch) cost=0.479833841324
batchno=2350/4006 (400=epoch) cost=0.443628907204
batchno=2360/4006 (400=epoch) cost=0.403790324926
batchno=2370/4006 (400=epoch) cost=0.497705578804
batchno=2380/4006 (400=epoch) cost=0.402249574661
batchno=2390/4006 (400=epoch) cost=0.39389705658
batchno=2400/4006 (400=epoch) cost=0.475664258003
batchno=2410/4006 (400=epoch) cost=0.397331148386
batchno=2420/4006 (400=epoch) cost=0.40114736557
batchno=2430/4006 (400=epoch) cost=0.53027588129
batchno=2440/4006 (400=epoch) cost=0.416277915239
batchno=2450/4006 (400=epoch) cost=0.441325008869
batchno=2460/4006 (400=epoch) cost=0.440355181694
batchno=2470/4006 (400=epoch) cost=0.398734629154
batchno=2480/4006 (400=epoch) cost=0.445384770632
batchno=2490/4006 (400=epoch) cost=0.479834854603
batchno=2500/4006 (400=epoch) cost=0.416070789099
batchno=2510/4006 (400=epoch) cost=0.425855666399
batchno=2520/4006 (400=epoch) cost=0.389134287834
batchno=2530/4006 (400=epoch) cost=0.372069984674
batchno=2540/4006 (400=epoch) cost=0.376214236021
batchno=2550/4006 (400=epoch) cost=0.445585250854
batchno=2560/4006 (400=epoch) cost=0.377362340689
batchno=2570/4006 (400=epoch) cost=0.390030801296
batchno=2580/4006 (400=epoch) cost=0.436129003763
batchno=2590/4006 (400=epoch) cost=0.453354775906
batchno=2600/4006 (400=epoch) cost=0.447552084923
batchno=2610/4006 (400=epoch) cost=0.427879780531
batchno=2620/4006 (400=epoch) cost=0.461105555296
batchno=2630/4006 (400=epoch) cost=0.460113197565
batchno=2640/4006 (400=epoch) cost=0.505904972553
batchno=2650/4006 (400=epoch) cost=0.404963105917
batchno=2660/4006 (400=epoch) cost=0.391728848219
batchno=2670/4006 (400=epoch) cost=0.473687946796
batchno=2680/4006 (400=epoch) cost=0.400761187077
batchno=2690/4006 (400=epoch) cost=0.451799303293
batchno=2700/4006 (400=epoch) cost=0.48191601038
batchno=2710/4006 (400=epoch) cost=0.412655383348
batchno=2720/4006 (400=epoch) cost=0.398308426142
batchno=2730/4006 (400=epoch) cost=0.433594048023
batchno=2740/4006 (400=epoch) cost=0.416426748037
batchno=2750/4006 (400=epoch) cost=0.409591197968
batchno=2760/4006 (400=epoch) cost=0.427002251148
batchno=2770/4006 (400=epoch) cost=0.426834136248
batchno=2780/4006 (400=epoch) cost=0.510866582394
batchno=2790/4006 (400=epoch) cost=0.398109018803
batchno=2800/4006 (400=epoch) cost=0.375804066658
batchno=2810/4006 (400=epoch) cost=0.468667685986
batchno=2820/4006 (400=epoch) cost=0.418479502201
batchno=2830/4006 (400=epoch) cost=0.402118265629
batchno=2840/4006 (400=epoch) cost=0.40359762311
batchno=2850/4006 (400=epoch) cost=0.44682353735
batchno=2860/4006 (400=epoch) cost=0.396253019571
batchno=2870/4006 (400=epoch) cost=0.440168201923
batchno=2880/4006 (400=epoch) cost=0.376213818789
batchno=2890/4006 (400=epoch) cost=0.410145521164
batchno=2900/4006 (400=epoch) cost=0.392323791981
batchno=2910/4006 (400=epoch) cost=0.478848338127
batchno=2920/4006 (400=epoch) cost=0.433220416307
batchno=2930/4006 (400=epoch) cost=0.409573704004
batchno=2940/4006 (400=epoch) cost=0.433817386627
batchno=2950/4006 (400=epoch) cost=0.441132754087
batchno=2960/4006 (400=epoch) cost=0.44290176034
batchno=2970/4006 (400=epoch) cost=0.383315563202
batchno=2980/4006 (400=epoch) cost=0.404282778502
batchno=2990/4006 (400=epoch) cost=0.380135506392
batchno=3000/4006 (400=epoch) cost=0.406650543213
batchno=3010/4006 (400=epoch) cost=0.465044349432
batchno=3020/4006 (400=epoch) cost=0.422047227621
batchno=3030/4006 (400=epoch) cost=0.391760289669
batchno=3040/4006 (400=epoch) cost=0.393221586943
batchno=3050/4006 (400=epoch) cost=0.363183259964
batchno=3060/4006 (400=epoch) cost=0.423881798983
batchno=3070/4006 (400=epoch) cost=0.412073731422
batchno=3080/4006 (400=epoch) cost=0.416113913059
batchno=3090/4006 (400=epoch) cost=0.465005278587
batchno=3100/4006 (400=epoch) cost=0.376459717751
batchno=3110/4006 (400=epoch) cost=0.446366012096
batchno=3120/4006 (400=epoch) cost=0.496280759573
batchno=3130/4006 (400=epoch) cost=0.450700551271
batchno=3140/4006 (400=epoch) cost=0.39528554678
batchno=3150/4006 (400=epoch) cost=0.417488485575
batchno=3160/4006 (400=epoch) cost=0.441317766905
batchno=3170/4006 (400=epoch) cost=0.460198134184
batchno=3180/4006 (400=epoch) cost=0.396458297968
batchno=3190/4006 (400=epoch) cost=0.457240432501
batchno=3200/4006 (400=epoch) cost=0.492593735456
batchno=3210/4006 (400=epoch) cost=0.396173655987
batchno=3220/4006 (400=epoch) cost=0.349316895008
batchno=3230/4006 (400=epoch) cost=0.424328356981
batchno=3240/4006 (400=epoch) cost=0.394322991371
batchno=3250/4006 (400=epoch) cost=0.423048138618
batchno=3260/4006 (400=epoch) cost=0.444497555494
batchno=3270/4006 (400=epoch) cost=0.378918349743
batchno=3280/4006 (400=epoch) cost=0.442876428366
batchno=3290/4006 (400=epoch) cost=0.401107609272
batchno=3300/4006 (400=epoch) cost=0.409763723612
batchno=3310/4006 (400=epoch) cost=0.446653842926
batchno=3320/4006 (400=epoch) cost=0.376182019711
batchno=3330/4006 (400=epoch) cost=0.383445858955
batchno=3340/4006 (400=epoch) cost=0.381844699383
batchno=3350/4006 (400=epoch) cost=0.419366300106
batchno=3360/4006 (400=epoch) cost=0.514305114746
batchno=3370/4006 (400=epoch) cost=0.448837399483
batchno=3380/4006 (400=epoch) cost=0.460676759481
batchno=3390/4006 (400=epoch) cost=0.477712363005
batchno=3400/4006 (400=epoch) cost=0.402399986982
batchno=3410/4006 (400=epoch) cost=0.431102007627
batchno=3420/4006 (400=epoch) cost=0.423693209887
batchno=3430/4006 (400=epoch) cost=0.387219637632
batchno=3440/4006 (400=epoch) cost=0.416152834892
batchno=3450/4006 (400=epoch) cost=0.443740427494
batchno=3460/4006 (400=epoch) cost=0.447197765112
batchno=3470/4006 (400=epoch) cost=0.505712866783
batchno=3480/4006 (400=epoch) cost=0.420393705368
batchno=3490/4006 (400=epoch) cost=0.40148255229
batchno=3500/4006 (400=epoch) cost=0.424416989088
batchno=3510/4006 (400=epoch) cost=0.38191485405
batchno=3520/4006 (400=epoch) cost=0.401931673288
batchno=3530/4006 (400=epoch) cost=0.37794393301
batchno=3540/4006 (400=epoch) cost=0.440362393856
batchno=3550/4006 (400=epoch) cost=0.466726660728
batchno=3560/4006 (400=epoch) cost=0.388517856598
batchno=3570/4006 (400=epoch) cost=0.427582621574
batchno=3580/4006 (400=epoch) cost=0.404889792204
batchno=3590/4006 (400=epoch) cost=0.392465233803
batchno=3600/4006 (400=epoch) cost=0.431729495525
batchno=3610/4006 (400=epoch) cost=0.405065953732
batchno=3620/4006 (400=epoch) cost=0.451332122087
batchno=3630/4006 (400=epoch) cost=0.437786817551
batchno=3640/4006 (400=epoch) cost=0.40414917469
batchno=3650/4006 (400=epoch) cost=0.390896886587
batchno=3660/4006 (400=epoch) cost=0.365479946136
batchno=3670/4006 (400=epoch) cost=0.396115481853
batchno=3680/4006 (400=epoch) cost=0.457662314177
batchno=3690/4006 (400=epoch) cost=0.391023159027
batchno=3700/4006 (400=epoch) cost=0.473965585232
batchno=3710/4006 (400=epoch) cost=0.381536662579
batchno=3720/4006 (400=epoch) cost=0.42082425952
batchno=3730/4006 (400=epoch) cost=0.503053128719
batchno=3740/4006 (400=epoch) cost=0.455842882395
batchno=3750/4006 (400=epoch) cost=0.411005377769
batchno=3760/4006 (400=epoch) cost=0.392179310322
batchno=3770/4006 (400=epoch) cost=0.425045996904
batchno=3780/4006 (400=epoch) cost=0.398922950029
batchno=3790/4006 (400=epoch) cost=0.400946766138
batchno=3800/4006 (400=epoch) cost=0.436480760574
batchno=3810/4006 (400=epoch) cost=0.424531400204
batchno=3820/4006 (400=epoch) cost=0.449219346046
batchno=3830/4006 (400=epoch) cost=0.495632559061
batchno=3840/4006 (400=epoch) cost=0.443467199802
batchno=3850/4006 (400=epoch) cost=0.440887212753
batchno=3860/4006 (400=epoch) cost=0.37181982398
batchno=3870/4006 (400=epoch) cost=0.385079443455
batchno=3880/4006 (400=epoch) cost=0.493164926767
batchno=3890/4006 (400=epoch) cost=0.409076660872
batchno=3900/4006 (400=epoch) cost=0.396328747272
batchno=3910/4006 (400=epoch) cost=0.405230045319
batchno=3920/4006 (400=epoch) cost=0.439891517162
batchno=3930/4006 (400=epoch) cost=0.462043225765
batchno=3940/4006 (400=epoch) cost=0.38668218255
batchno=3950/4006 (400=epoch) cost=0.47970277071
batchno=3960/4006 (400=epoch) cost=0.417587071657
batchno=3970/4006 (400=epoch) cost=0.395257741213
batchno=3980/4006 (400=epoch) cost=0.540021896362
batchno=3990/4006 (400=epoch) cost=0.512060761452
batchno=4000/4006 (400=epoch) cost=0.406625211239
Model written to /tmp/trained_model-4006
Copying file:///tmp/trained_model-4006 [Content-Type=application/octet-stream]...
Uploading   ...raining-demos/flights/chapter07/trained_model.tf: 0 B/553 B    Uploading   ...raining-demos/flights/chapter07/trained_model.tf: 553 B/553 B    
Model also saved in gs://cloud-training-demos/flights/chapter07/trained_model.tf
